# JRE version: OpenJDK Runtime Environment Temurin-17.0.4+8 (17.0.4+8) (build 17.0.4+8)
# Java VM: OpenJDK 64-Bit Server VM Temurin-17.0.4+8 (17.0.4+8, mixed mode, sharing, tiered, compressed oops, compressed class ptrs, g1 gc, windows-amd64)
GC Precious Log:
 CPUs: 8 total, 8 available
 Memory: 8037M
 Large Page Support: Disabled
 NUMA Support: Disabled
 Compressed Oops: Enabled (32-bit)
 Heap Region Size: 1M
 Heap Min Capacity: 8M
 Heap Initial Capacity: 126M
 Heap Max Capacity: 2010M
 Pre-touch: Disabled
 Parallel Workers: 8
 Concurrent Workers: 2
 Concurrent Refinement Workers: 8
 Periodic GC: Disabled
Heap:
 garbage-first heap   total 129024K, used 63191K [0x0000000082600000, 0x0000000100000000)
  region size 1024K, 14 young (14336K), 1 survivors (1024K)
 Metaspace       used 13135K, committed 13376K, reserved 1064960K
  class space    used 1431K, committed 1536K, reserved 1048576K
GC Heap History (10 events):
Event: 285.947 GC heap before
{Heap before GC invocations=0 (full 0):
 garbage-first heap   total 129024K, used 23552K [0x0000000082600000, 0x0000000100000000)
  region size 1024K, 23 young (23552K), 0 survivors (0K)
 Metaspace       used 9320K, committed 9536K, reserved 1064960K
  class space    used 980K, committed 1088K, reserved 1048576K
}
Event: 285.960 GC heap after
{Heap after GC invocations=1 (full 0):
 garbage-first heap   total 129024K, used 5405K [0x0000000082600000, 0x0000000100000000)
  region size 1024K, 3 young (3072K), 3 survivors (3072K)
 Metaspace       used 9320K, committed 9536K, reserved 1064960K
  class space    used 980K, committed 1088K, reserved 1048576K
}
Event: 291.475 GC heap before
{Heap before GC invocations=1 (full 0):
 garbage-first heap   total 129024K, used 76061K [0x0000000082600000, 0x0000000100000000)
  region size 1024K, 24 young (24576K), 3 survivors (3072K)
 Metaspace       used 10391K, committed 10560K, reserved 1064960K
  class space    used 1062K, committed 1152K, reserved 1048576K
}
Event: 291.478 GC heap after
{Heap after GC invocations=2 (full 0):
 garbage-first heap   total 129024K, used 57486K [0x0000000082600000, 0x0000000100000000)
  region size 1024K, 2 young (2048K), 2 survivors (2048K)
 Metaspace       used 10391K, committed 10560K, reserved 1064960K
  class space    used 1062K, committed 1152K, reserved 1048576K
}
Event: 291.591 GC heap before
{Heap before GC invocations=2 (full 0):
 garbage-first heap   total 129024K, used 75918K [0x0000000082600000, 0x0000000100000000)
  region size 1024K, 13 young (13312K), 2 survivors (2048K)
 Metaspace       used 10392K, committed 10560K, reserved 1064960K
  class space    used 1062K, committed 1152K, reserved 1048576K
}
Event: 291.594 GC heap after
{Heap after GC invocations=3 (full 0):
 garbage-first heap   total 129024K, used 27929K [0x0000000082600000, 0x0000000100000000)
  region size 1024K, 2 young (2048K), 2 survivors (2048K)
 Metaspace       used 10392K, committed 10560K, reserved 1064960K
  class space    used 1062K, committed 1152K, reserved 1048576K
}
Event: 292.572 GC heap before
{Heap before GC invocations=3 (full 0):
 garbage-first heap   total 129024K, used 56601K [0x0000000082600000, 0x0000000100000000)
  region size 1024K, 7 young (7168K), 2 survivors (2048K)
 Metaspace       used 10443K, committed 10624K, reserved 1064960K
  class space    used 1063K, committed 1152K, reserved 1048576K
}
Event: 292.576 GC heap after
{Heap after GC invocations=4 (full 0):
 garbage-first heap   total 129024K, used 51961K [0x0000000082600000, 0x0000000100000000)
  region size 1024K, 1 young (1024K), 1 survivors (1024K)
 Metaspace       used 10443K, committed 10624K, reserved 1064960K
  class space    used 1063K, committed 1152K, reserved 1048576K
}
Event: 292.738 GC heap before
{Heap before GC invocations=4 (full 0):
 garbage-first heap   total 129024K, used 71417K [0x0000000082600000, 0x0000000100000000)
  region size 1024K, 13 young (13312K), 1 survivors (1024K)
 Metaspace       used 10443K, committed 10624K, reserved 1064960K
  class space    used 1063K, committed 1152K, reserved 1048576K
}
Event: 292.741 GC heap after
{Heap after GC invocations=5 (full 0):
 garbage-first heap   total 129024K, used 27351K [0x0000000082600000, 0x0000000100000000)
  region size 1024K, 1 young (1024K), 1 survivors (1024K)
 Metaspace       used 10443K, committed 10624K, reserved 1064960K
  class space    used 1063K, committed 1152K, reserved 1048576K
}

